
Showing logs for build [32mcb-kubecd-environment-pr-191-73-xpwnv-1[0m stage [32mfrom-build-pack[0m and container [32mstep-credential-initializer-cq4n9[0m
{"level":"warn","ts":1585405786.561405,"logger":"fallback-logger","caller":"logging/config.go:69","msg":"Fetch GitHub commit ID from kodata failed: \"ref: refs/heads/0.8.0-**-support-backwards-incompats\" is not a valid GitHub commit ID"}
{"level":"info","ts":1585405786.5619688,"logger":"fallback-logger","caller":"creds-init/main.go:40","msg":"Credentials initialized."}

Showing logs for build [32mcb-kubecd-environment-pr-191-73-xpwnv-1[0m stage [32mfrom-build-pack[0m and container [32mstep-working-dir-initializer-b7njp[0m
{"level":"warn","ts":1585405787.1863248,"logger":"fallback-logger","caller":"logging/config.go:69","msg":"Fetch GitHub commit ID from kodata failed: open /var/run/ko/HEAD: no such file or directory"}
{"level":"info","ts":1585405787.1883028,"logger":"fallback-logger","caller":"bash/main.go:64","msg":"Successfully executed command \"sh -c mkdir -p /workspace/source\"; output "}

Showing logs for build [32mcb-kubecd-environment-pr-191-73-xpwnv-1[0m stage [32mfrom-build-pack[0m and container [32mstep-place-tools[0m

Showing logs for build [32mcb-kubecd-environment-pr-191-73-xpwnv-1[0m stage [32mfrom-build-pack[0m and container [32mstep-git-source-cb-kubecd-environment-pr-191-73-xpwnv-g5d4b[0m
{"level":"warn","ts":1585405818.3829453,"logger":"fallback-logger","caller":"logging/config.go:69","msg":"Fetch GitHub commit ID from kodata failed: \"ref: refs/heads/0.8.0-**-support-backwards-incompats\" is not a valid GitHub commit ID"}
{"level":"info","ts":1585405819.7307649,"logger":"fallback-logger","caller":"git/git.go:103","msg":"Successfully cloned https://github.com/cb-kubecd/environment-pr-191-73-boot-gke-staging.git @ master in path /workspace/source"}

Showing logs for build [32mcb-kubecd-environment-pr-191-73-xpwnv-1[0m stage [32mfrom-build-pack[0m and container [32mstep-git-merge[0m
Using SHAs from PULL_REFS=master:48bcb08b8b754d07850182daea6aaa552e768b26,1:f1e25b28a68d69de714cbaad4cba5cbd2d0d5e45
DEBUG: LC_ALL=C JX_LOG_LEVEL=error git fetch origin --unshallow f1e25b28a68d69de714cbaad4cba5cbd2d0d5e45: 48bcb08b8b754d07850182daea6aaa552e768b26:
DEBUG: ran git fetch --unshallow origin f1e25b28a68d69de714cbaad4cba5cbd2d0d5e45: 48bcb08b8b754d07850182daea6aaa552e768b26: in 
DEBUG: LC_ALL=C JX_LOG_LEVEL=error git branch
DEBUG: LC_ALL=C JX_LOG_LEVEL=error git checkout master
DEBUG: ran git checkout master in 
DEBUG: LC_ALL=C JX_LOG_LEVEL=error git reset --hard 48bcb08b8b754d07850182daea6aaa552e768b26
DEBUG: ran git reset --hard 48bcb08b8b754d07850182daea6aaa552e768b26 in 
DEBUG: LC_ALL=C JX_LOG_LEVEL=error git clean -fd .
DEBUG: ran clean --force -d . in 
DEBUG: LC_ALL=C JX_LOG_LEVEL=error git merge f1e25b28a68d69de714cbaad4cba5cbd2d0d5e45
DEBUG: ran git merge f1e25b28a68d69de714cbaad4cba5cbd2d0d5e45 in 
DEBUG: LC_ALL=C JX_LOG_LEVEL=error git log --format=%H%x1f%an%x1f%ae%x1f%cn%x1f%ce%x1f%s%n%b%x1e 48bcb08b8b754d07850182daea6aaa552e768b26..HEAD
Merged SHA f1e25b28a68d69de714cbaad4cba5cbd2d0d5e45 with commit message 'chore: Promote bdd-spring-1585405447 to version 0.0.1' into base branch master

Showing logs for build [32mcb-kubecd-environment-pr-191-73-xpwnv-1[0m stage [32mfrom-build-pack[0m and container [32mstep-build-helm-build[0m
WARNING: No $CHART_REPOSITORY defined so using the default value of: http://jenkins-x-chartmuseum:8080
Adding missing Helm repo: storage.googleapis.com https://storage.googleapis.com/chartmuseum.jenkins-x.io
WARNING: No secrets found on "helm/repos" due: reading the secret "helm/repos" from vault: no secret "helm/repos" not found in vault
Read credentials for https://storage.googleapis.com/chartmuseum.jenkins-x.io from vault helm/repos
Successfully added Helm repository storage.googleapis.com.
Adding missing Helm repo: jenkins-x-chartmuseum http://jenkins-x-chartmuseum:8080
WARNING: No secrets found on "helm/repos" due: reading the secret "helm/repos" from vault: no secret "helm/repos" not found in vault
Read credentials for http://jenkins-x-chartmuseum:8080 from vault helm/repos
Successfully added Helm repository jenkins-x-chartmuseum.
WARNING: No $CHART_REPOSITORY defined so using the default value of: http://jenkins-x-chartmuseum:8080
Adding missing Helm repo: chartmuseum.jenkins-x.io http://chartmuseum.jenkins-x.io
WARNING: No secrets found on "helm/repos" due: reading the secret "helm/repos" from vault: no secret "helm/repos" not found in vault
Read credentials for http://chartmuseum.jenkins-x.io from vault helm/repos
Successfully added Helm repository chartmuseum.jenkins-x.io.
